2024-10-22T20:44:13.234169 - LIST: Listed phonebook entries
2024-10-22T20:46:10.085454 - ADD: Added: bc, 3467176065
2024-10-22T20:46:19.809235 - LIST: Listed phonebook entries
2024-10-22T20:46:44.327274 - ADD: Added: bc, 3467176064
2024-10-22T20:46:48.440918 - LIST: Listed phonebook entries
2024-10-22T20:51:15.916206 - DELETE: Deleted by name: bc
2024-10-22T20:51:21.779770 - LIST: Listed phonebook entries
2024-10-22T20:51:30.074554 - DELETE: Deleted by name: bc
2024-10-22T20:51:34.860669 - LIST: Listed phonebook entries
2024-10-22T20:54:47.960230 - ADD: Added: bc, 7031111234
2024-10-22T20:57:19.332811 - ADD: Added: bc, 123-1234
2024-10-22T20:58:14.303422 - ADD: Added: bc, 12345.12345
2024-10-22T21:01:07.056280 - ADD: Added: Bruce Schneier, 346-717-6065
2024-10-22T21:02:09.396148 - ADD: Added: Cher, 346-717-6064
2024-10-22T21:02:30.024482 - LIST: Listed phonebook entries
2024-10-22T21:02:43.761299 - DELETE: Deleted by name: Cher
2024-10-22T21:03:17.183091 - DELETE: Deleted by phone number: 346-717-6065
2024-10-25T15:50:39.936523 - LIST: Listed phonebook entries
2024-10-25T15:56:28.442399 - LIST: Listed phonebook entries
2024-10-25T16:00:19.510283 - Could not ADD: Could not ADD: +1(703)111-2121
2024-10-25T16:01:32.453438 - Could not ADD: Could not ADD: +1(703)111-2121
2024-10-25T16:04:51.163863 - Could not ADD: Could not ADD: +1(703)111-2121
2024-10-25T16:04:57.425467 - Could not ADD: Could not ADD: +1(703)111-2121
2024-10-25T16:06:44.797757 - Could not ADD: Could not ADD: +1(703)111-2121
2024-10-25T16:09:18.959799 - ADD: Added: Bao Chau, +1(703)111-2121
2024-10-25T16:09:27.161596 - LIST: Listed phonebook entries
2024-10-25T20:16:44.147378 - LIST: Listed phonebook entries
2024-10-26T10:20:11.382929 - LIST: Listed phonebook entries
